[debug] [2025-06-28T17:23:59.677Z] ----------------------------------------------------------------------
[debug] [2025-06-28T17:23:59.684Z] Command:       /usr/local/bin/node /usr/local/bin/firebase deploy --only functions
[debug] [2025-06-28T17:23:59.684Z] CLI Version:   14.5.1
[debug] [2025-06-28T17:23:59.684Z] Platform:      darwin
[debug] [2025-06-28T17:23:59.684Z] Node Version:  v22.13.1
[debug] [2025-06-28T17:23:59.684Z] Time:          Sat Jun 28 2025 19:23:59 GMT+0200 (Central European Summer Time)
[debug] [2025-06-28T17:23:59.684Z] ----------------------------------------------------------------------
[debug] 
[debug] [2025-06-28T17:23:59.787Z] Field "/functions/runtime" in "firebase.json" is possibly invalid: must be equal to one of the allowed values
[debug] [2025-06-28T17:23:59.787Z] Field "/functions" in "firebase.json" is possibly invalid: must be array
[debug] [2025-06-28T17:23:59.787Z] Field "/functions" in "firebase.json" is possibly invalid: must match a schema in anyOf
[debug] [2025-06-28T17:23:59.790Z] > command requires scopes: ["email","openid","https://www.googleapis.com/auth/cloudplatformprojects.readonly","https://www.googleapis.com/auth/firebase","https://www.googleapis.com/auth/cloud-platform"]
[debug] [2025-06-28T17:23:59.791Z] > authorizing via signed-in user (lyesattaf.pro@gmail.com)
[debug] [2025-06-28T17:23:59.791Z] [iam] checking project love2love-26164 for permissions ["cloudfunctions.functions.create","cloudfunctions.functions.delete","cloudfunctions.functions.get","cloudfunctions.functions.list","cloudfunctions.functions.update","cloudfunctions.operations.get","firebase.projects.get"]
[debug] [2025-06-28T17:23:59.791Z] Checked if tokens are valid: true, expires at: 1751134684120
[debug] [2025-06-28T17:23:59.791Z] Checked if tokens are valid: true, expires at: 1751134684120
[debug] [2025-06-28T17:23:59.792Z] >>> [apiv2][query] POST https://cloudresourcemanager.googleapis.com/v1/projects/love2love-26164:testIamPermissions [none]
[debug] [2025-06-28T17:23:59.792Z] >>> [apiv2][(partial)header] POST https://cloudresourcemanager.googleapis.com/v1/projects/love2love-26164:testIamPermissions x-goog-quota-user=projects/love2love-26164
[debug] [2025-06-28T17:23:59.792Z] >>> [apiv2][body] POST https://cloudresourcemanager.googleapis.com/v1/projects/love2love-26164:testIamPermissions {"permissions":["cloudfunctions.functions.create","cloudfunctions.functions.delete","cloudfunctions.functions.get","cloudfunctions.functions.list","cloudfunctions.functions.update","cloudfunctions.operations.get","firebase.projects.get"]}
[debug] [2025-06-28T17:24:00.465Z] <<< [apiv2][status] POST https://cloudresourcemanager.googleapis.com/v1/projects/love2love-26164:testIamPermissions 200
[debug] [2025-06-28T17:24:00.466Z] <<< [apiv2][body] POST https://cloudresourcemanager.googleapis.com/v1/projects/love2love-26164:testIamPermissions {"permissions":["cloudfunctions.functions.create","cloudfunctions.functions.delete","cloudfunctions.functions.get","cloudfunctions.functions.list","cloudfunctions.functions.update","cloudfunctions.operations.get","firebase.projects.get"]}
[debug] [2025-06-28T17:24:00.466Z] Checked if tokens are valid: true, expires at: 1751134684120
[debug] [2025-06-28T17:24:00.466Z] Checked if tokens are valid: true, expires at: 1751134684120
[debug] [2025-06-28T17:24:00.467Z] >>> [apiv2][query] POST https://iam.googleapis.com/v1/projects/love2love-26164/serviceAccounts/love2love-26164@appspot.gserviceaccount.com:testIamPermissions [none]
[debug] [2025-06-28T17:24:00.467Z] >>> [apiv2][body] POST https://iam.googleapis.com/v1/projects/love2love-26164/serviceAccounts/love2love-26164@appspot.gserviceaccount.com:testIamPermissions {"permissions":["iam.serviceAccounts.actAs"]}
[debug] [2025-06-28T17:24:01.101Z] <<< [apiv2][status] POST https://iam.googleapis.com/v1/projects/love2love-26164/serviceAccounts/love2love-26164@appspot.gserviceaccount.com:testIamPermissions 200
[debug] [2025-06-28T17:24:01.101Z] <<< [apiv2][body] POST https://iam.googleapis.com/v1/projects/love2love-26164/serviceAccounts/love2love-26164@appspot.gserviceaccount.com:testIamPermissions {"permissions":["iam.serviceAccounts.actAs"]}
[info] 
[info] === Deploying to 'love2love-26164'...
[info] 
[info] i  deploying functions 
[debug] [2025-06-28T17:24:01.103Z] Checked if tokens are valid: true, expires at: 1751134684120
[debug] [2025-06-28T17:24:01.103Z] Checked if tokens are valid: true, expires at: 1751134684120
[debug] [2025-06-28T17:24:01.103Z] >>> [apiv2][query] GET https://serviceusage.googleapis.com/v1/projects/love2love-26164/services/cloudresourcemanager.googleapis.com [none]
[debug] [2025-06-28T17:24:01.103Z] >>> [apiv2][(partial)header] GET https://serviceusage.googleapis.com/v1/projects/love2love-26164/services/cloudresourcemanager.googleapis.com x-goog-quota-user=projects/love2love-26164
[debug] [2025-06-28T17:24:01.956Z] <<< [apiv2][status] GET https://serviceusage.googleapis.com/v1/projects/love2love-26164/services/cloudresourcemanager.googleapis.com 200
[debug] [2025-06-28T17:24:01.956Z] <<< [apiv2][body] GET https://serviceusage.googleapis.com/v1/projects/love2love-26164/services/cloudresourcemanager.googleapis.com [omitted]
[debug] [2025-06-28T17:24:01.956Z] Checked if tokens are valid: true, expires at: 1751134684120
[debug] [2025-06-28T17:24:01.956Z] Checked if tokens are valid: true, expires at: 1751134684120
[debug] [2025-06-28T17:24:01.956Z] >>> [apiv2][query] GET https://cloudresourcemanager.googleapis.com/v1/projects/love2love-26164 [none]
[debug] [2025-06-28T17:24:02.153Z] <<< [apiv2][status] GET https://cloudresourcemanager.googleapis.com/v1/projects/love2love-26164 200
[debug] [2025-06-28T17:24:02.153Z] <<< [apiv2][body] GET https://cloudresourcemanager.googleapis.com/v1/projects/love2love-26164 {"projectNumber":"200633504634","projectId":"love2love-26164","lifecycleState":"ACTIVE","name":"Love2Love","labels":{"firebase":"enabled","firebase-core":"disabled"},"createTime":"2025-06-04T13:13:25.208678Z"}
[info] i  functions: preparing codebase default for deployment 
[info] i  functions: ensuring required API cloudfunctions.googleapis.com is enabled... 
[debug] [2025-06-28T17:24:02.154Z] Checked if tokens are valid: true, expires at: 1751134684120
[debug] [2025-06-28T17:24:02.154Z] Checked if tokens are valid: true, expires at: 1751134684120
[debug] [2025-06-28T17:24:02.154Z] Checked if tokens are valid: true, expires at: 1751134684120
[debug] [2025-06-28T17:24:02.154Z] Checked if tokens are valid: true, expires at: 1751134684120
[info] i  functions: ensuring required API cloudbuild.googleapis.com is enabled... 
[debug] [2025-06-28T17:24:02.155Z] Checked if tokens are valid: true, expires at: 1751134684120
[debug] [2025-06-28T17:24:02.155Z] Checked if tokens are valid: true, expires at: 1751134684120
[info] i  artifactregistry: ensuring required API artifactregistry.googleapis.com is enabled... 
[debug] [2025-06-28T17:24:02.155Z] Checked if tokens are valid: true, expires at: 1751134684120
[debug] [2025-06-28T17:24:02.155Z] Checked if tokens are valid: true, expires at: 1751134684120
[debug] [2025-06-28T17:24:02.155Z] >>> [apiv2][query] GET https://serviceusage.googleapis.com/v1/projects/love2love-26164/services/cloudfunctions.googleapis.com [none]
[debug] [2025-06-28T17:24:02.155Z] >>> [apiv2][(partial)header] GET https://serviceusage.googleapis.com/v1/projects/love2love-26164/services/cloudfunctions.googleapis.com x-goog-quota-user=projects/love2love-26164
[debug] [2025-06-28T17:24:02.156Z] >>> [apiv2][query] GET https://serviceusage.googleapis.com/v1/projects/love2love-26164/services/runtimeconfig.googleapis.com [none]
[debug] [2025-06-28T17:24:02.156Z] >>> [apiv2][(partial)header] GET https://serviceusage.googleapis.com/v1/projects/love2love-26164/services/runtimeconfig.googleapis.com x-goog-quota-user=projects/love2love-26164
[debug] [2025-06-28T17:24:02.158Z] >>> [apiv2][query] GET https://serviceusage.googleapis.com/v1/projects/love2love-26164/services/cloudbuild.googleapis.com [none]
[debug] [2025-06-28T17:24:02.158Z] >>> [apiv2][(partial)header] GET https://serviceusage.googleapis.com/v1/projects/love2love-26164/services/cloudbuild.googleapis.com x-goog-quota-user=projects/love2love-26164
[debug] [2025-06-28T17:24:02.160Z] >>> [apiv2][query] GET https://serviceusage.googleapis.com/v1/projects/love2love-26164/services/artifactregistry.googleapis.com [none]
[debug] [2025-06-28T17:24:02.160Z] >>> [apiv2][(partial)header] GET https://serviceusage.googleapis.com/v1/projects/love2love-26164/services/artifactregistry.googleapis.com x-goog-quota-user=projects/love2love-26164
[debug] [2025-06-28T17:24:02.935Z] <<< [apiv2][status] GET https://serviceusage.googleapis.com/v1/projects/love2love-26164/services/cloudfunctions.googleapis.com 200
[debug] [2025-06-28T17:24:02.935Z] <<< [apiv2][body] GET https://serviceusage.googleapis.com/v1/projects/love2love-26164/services/cloudfunctions.googleapis.com [omitted]
[info] ✔  functions: required API cloudfunctions.googleapis.com is enabled 
[debug] [2025-06-28T17:24:02.944Z] <<< [apiv2][status] GET https://serviceusage.googleapis.com/v1/projects/love2love-26164/services/runtimeconfig.googleapis.com 200
[debug] [2025-06-28T17:24:02.944Z] <<< [apiv2][body] GET https://serviceusage.googleapis.com/v1/projects/love2love-26164/services/runtimeconfig.googleapis.com [omitted]
[debug] [2025-06-28T17:24:02.951Z] <<< [apiv2][status] GET https://serviceusage.googleapis.com/v1/projects/love2love-26164/services/artifactregistry.googleapis.com 200
[debug] [2025-06-28T17:24:02.951Z] <<< [apiv2][body] GET https://serviceusage.googleapis.com/v1/projects/love2love-26164/services/artifactregistry.googleapis.com [omitted]
[info] ✔  artifactregistry: required API artifactregistry.googleapis.com is enabled 
[debug] [2025-06-28T17:24:02.972Z] <<< [apiv2][status] GET https://serviceusage.googleapis.com/v1/projects/love2love-26164/services/cloudbuild.googleapis.com 200
[debug] [2025-06-28T17:24:02.973Z] <<< [apiv2][body] GET https://serviceusage.googleapis.com/v1/projects/love2love-26164/services/cloudbuild.googleapis.com [omitted]
[info] ✔  functions: required API cloudbuild.googleapis.com is enabled 
[debug] [2025-06-28T17:24:02.974Z] Checked if tokens are valid: true, expires at: 1751134684120
[debug] [2025-06-28T17:24:02.974Z] Checked if tokens are valid: true, expires at: 1751134684120
[debug] [2025-06-28T17:24:02.974Z] >>> [apiv2][query] GET https://firebase.googleapis.com/v1beta1/projects/love2love-26164/adminSdkConfig [none]
[debug] [2025-06-28T17:24:03.858Z] <<< [apiv2][status] GET https://firebase.googleapis.com/v1beta1/projects/love2love-26164/adminSdkConfig 200
[debug] [2025-06-28T17:24:03.858Z] <<< [apiv2][body] GET https://firebase.googleapis.com/v1beta1/projects/love2love-26164/adminSdkConfig {"projectId":"love2love-26164","storageBucket":"love2love-26164.firebasestorage.app"}
[debug] [2025-06-28T17:24:03.859Z] Checked if tokens are valid: true, expires at: 1751134684120
[debug] [2025-06-28T17:24:03.859Z] Checked if tokens are valid: true, expires at: 1751134684120
[debug] [2025-06-28T17:24:03.859Z] >>> [apiv2][query] GET https://runtimeconfig.googleapis.com/v1beta1/projects/love2love-26164/configs [none]
[debug] [2025-06-28T17:24:04.105Z] <<< [apiv2][status] GET https://runtimeconfig.googleapis.com/v1beta1/projects/love2love-26164/configs 200
[debug] [2025-06-28T17:24:04.105Z] <<< [apiv2][body] GET https://runtimeconfig.googleapis.com/v1beta1/projects/love2love-26164/configs {"configs":[{"name":"projects/love2love-26164/configs/apple"}]}
[debug] [2025-06-28T17:24:04.105Z] Checked if tokens are valid: true, expires at: 1751134684120
[debug] [2025-06-28T17:24:04.105Z] Checked if tokens are valid: true, expires at: 1751134684120
[debug] [2025-06-28T17:24:04.105Z] >>> [apiv2][query] GET https://runtimeconfig.googleapis.com/v1beta1/projects/love2love-26164/configs/apple/variables [none]
[debug] [2025-06-28T17:24:04.284Z] <<< [apiv2][status] GET https://runtimeconfig.googleapis.com/v1beta1/projects/love2love-26164/configs/apple/variables 200
[debug] [2025-06-28T17:24:04.285Z] <<< [apiv2][body] GET https://runtimeconfig.googleapis.com/v1beta1/projects/love2love-26164/configs/apple/variables {"variables":[{"name":"projects/love2love-26164/configs/apple/variables/shared_secret","updateTime":"2025-06-04T20:01:19.189416622Z"}]}
[debug] [2025-06-28T17:24:04.285Z] Checked if tokens are valid: true, expires at: 1751134684120
[debug] [2025-06-28T17:24:04.285Z] Checked if tokens are valid: true, expires at: 1751134684120
[debug] [2025-06-28T17:24:04.285Z] >>> [apiv2][query] GET https://runtimeconfig.googleapis.com/v1beta1/projects/love2love-26164/configs/apple/variables/shared_secret [none]
[debug] [2025-06-28T17:24:04.480Z] <<< [apiv2][status] GET https://runtimeconfig.googleapis.com/v1beta1/projects/love2love-26164/configs/apple/variables/shared_secret 200
[debug] [2025-06-28T17:24:04.480Z] <<< [apiv2][body] GET https://runtimeconfig.googleapis.com/v1beta1/projects/love2love-26164/configs/apple/variables/shared_secret {"name":"projects/love2love-26164/configs/apple/variables/shared_secret","updateTime":"2025-06-04T20:01:19.189416622Z","text":"ba68d4744d0a47f796860d19bc2747e0"}
[debug] [2025-06-28T17:24:04.481Z] Validating nodejs source
[warn] ⚠  functions: Runtime Node.js 18 was deprecated on 2025-04-30 and will be decommissioned on 2025-10-30, after which you will not be able to deploy without upgrading. Consider upgrading now to avoid disruption. See https://cloud.google.com/functions/docs/runtime-support for full details on the lifecycle policy 
[warn] ⚠  functions: package.json indicates an outdated version of firebase-functions. Please upgrade using npm install --save firebase-functions@latest in your functions directory. 
[warn] ⚠  functions: Please note that there will be breaking changes when you upgrade. 
[debug] [2025-06-28T17:24:04.985Z] > [functions] package.json contents: {
  "name": "love2love-functions",
  "version": "1.0.0",
  "description": "Firebase Functions for Love2Love app",
  "main": "index.js",
  "scripts": {
    "build": "echo 'No build step required for JavaScript functions'",
    "lint": "echo 'Linting JavaScript functions...'",
    "serve": "firebase emulators:start --only functions",
    "shell": "firebase functions:shell",
    "start": "npm run shell",
    "deploy": "firebase deploy --only functions",
    "logs": "firebase functions:log"
  },
  "engines": {
    "node": "20"
  },
  "dependencies": {
    "firebase-admin": "^11.11.0",
    "firebase-functions": "^4.5.0",
    "node-apple-receipt-verify": "^1.15.0",
    "jsonwebtoken": "^9.0.2",
    "axios": "^1.6.0"
  },
  "devDependencies": {
    "firebase-functions-test": "^3.1.0"
  },
  "private": true
}
[debug] [2025-06-28T17:24:04.986Z] Building nodejs source
[info] i  functions: Loading and analyzing source code for codebase default to determine what to deploy 
[info] i  functions: You are using a version of firebase-functions SDK (4.9.0) that does not have support for the newest Firebase Extensions features. Please update firebase-functions SDK to >=5.1.0 to use them correctly 
[debug] [2025-06-28T17:24:04.986Z] Could not find functions.yaml. Must use http discovery
[debug] [2025-06-28T17:24:04.991Z] Found firebase-functions binary at '/Users/lyes/Desktop/CoupleApp/firebase/functions/node_modules/.bin/firebase-functions'
[info] Serving at port 8612

[debug] [2025-06-28T17:24:05.317Z] Got response from /__/functions.yaml {"endpoints":{"validateAppleReceipt":{"platform":"gcfv1","labels":{},"availableMemoryMb":null,"timeoutSeconds":null,"minInstances":null,"maxInstances":null,"ingressSettings":null,"serviceAccountEmail":null,"vpc":null,"callableTrigger":{},"entryPoint":"validateAppleReceipt"},"appleWebhook":{"platform":"gcfv1","availableMemoryMb":null,"timeoutSeconds":null,"minInstances":null,"maxInstances":null,"ingressSettings":null,"serviceAccountEmail":null,"vpc":null,"httpsTrigger":{},"entryPoint":"appleWebhook"},"checkSubscriptionStatus":{"platform":"gcfv1","labels":{},"availableMemoryMb":null,"timeoutSeconds":null,"minInstances":null,"maxInstances":null,"ingressSettings":null,"serviceAccountEmail":null,"vpc":null,"callableTrigger":{},"entryPoint":"checkSubscriptionStatus"},"deleteUserAccount":{"platform":"gcfv1","labels":{},"availableMemoryMb":null,"timeoutSeconds":null,"minInstances":null,"maxInstances":null,"ingressSettings":null,"serviceAccountEmail":null,"vpc":null,"callableTrigger":{},"entryPoint":"deleteUserAccount"},"createPartnerCode":{"platform":"gcfv1","labels":{},"availableMemoryMb":null,"timeoutSeconds":null,"minInstances":null,"maxInstances":null,"ingressSettings":null,"serviceAccountEmail":null,"vpc":null,"callableTrigger":{},"entryPoint":"createPartnerCode"},"connectToPartner":{"platform":"gcfv1","labels":{},"availableMemoryMb":null,"timeoutSeconds":null,"minInstances":null,"maxInstances":null,"ingressSettings":null,"serviceAccountEmail":null,"vpc":null,"callableTrigger":{},"entryPoint":"connectToPartner"},"disconnectPartners":{"platform":"gcfv1","labels":{},"availableMemoryMb":null,"timeoutSeconds":null,"minInstances":null,"maxInstances":null,"ingressSettings":null,"serviceAccountEmail":null,"vpc":null,"callableTrigger":{},"entryPoint":"disconnectPartners"},"cleanupOrphanedPartnerCodes":{"platform":"gcfv1","labels":{},"availableMemoryMb":null,"timeoutSeconds":null,"minInstances":null,"maxInstances":null,"ingressSettings":null,"serviceAccountEmail":null,"vpc":null,"callableTrigger":{},"entryPoint":"cleanupOrphanedPartnerCodes"},"validatePartnerCode":{"platform":"gcfv1","labels":{},"availableMemoryMb":null,"timeoutSeconds":null,"minInstances":null,"maxInstances":null,"ingressSettings":null,"serviceAccountEmail":null,"vpc":null,"callableTrigger":{},"entryPoint":"validatePartnerCode"},"connectPartners":{"platform":"gcfv1","labels":{},"availableMemoryMb":null,"timeoutSeconds":null,"minInstances":null,"maxInstances":null,"ingressSettings":null,"serviceAccountEmail":null,"vpc":null,"callableTrigger":{},"entryPoint":"connectPartners"},"syncPartnerSubscriptions":{"platform":"gcfv1","labels":{},"availableMemoryMb":null,"timeoutSeconds":null,"minInstances":null,"maxInstances":null,"ingressSettings":null,"serviceAccountEmail":null,"vpc":null,"callableTrigger":{},"entryPoint":"syncPartnerSubscriptions"},"getPartnerInfo":{"platform":"gcfv1","labels":{},"availableMemoryMb":null,"timeoutSeconds":null,"minInstances":null,"maxInstances":null,"ingressSettings":null,"serviceAccountEmail":null,"vpc":null,"callableTrigger":{},"entryPoint":"getPartnerInfo"},"getPartnerProfileImage":{"platform":"gcfv1","labels":{},"availableMemoryMb":null,"timeoutSeconds":null,"minInstances":null,"maxInstances":null,"ingressSettings":null,"serviceAccountEmail":null,"vpc":null,"callableTrigger":{},"entryPoint":"getPartnerProfileImage"},"getSignedImageURL":{"platform":"gcfv1","labels":{},"availableMemoryMb":null,"timeoutSeconds":null,"minInstances":null,"maxInstances":null,"ingressSettings":null,"serviceAccountEmail":null,"vpc":null,"callableTrigger":{},"entryPoint":"getSignedImageURL"},"syncPartnerJournalEntries":{"platform":"gcfv1","labels":{},"availableMemoryMb":null,"timeoutSeconds":null,"minInstances":null,"maxInstances":null,"ingressSettings":null,"serviceAccountEmail":null,"vpc":null,"callableTrigger":{},"entryPoint":"syncPartnerJournalEntries"},"getPartnerLocation":{"platform":"gcfv1","labels":{},"availableMemoryMb":null,"timeoutSeconds":null,"minInstances":null,"maxInstances":null,"ingressSettings":null,"serviceAccountEmail":null,"vpc":null,"callableTrigger":{},"entryPoint":"getPartnerLocation"}},"specVersion":"v1alpha1","requiredAPIs":[]}
[info] i  functions: preparing functions directory for uploading... 
[info] i  functions: packaged /Users/lyes/Desktop/CoupleApp/firebase/functions (85.2 KB) for uploading 
[debug] [2025-06-28T17:24:09.363Z] Checked if tokens are valid: true, expires at: 1751134684120
[debug] [2025-06-28T17:24:09.363Z] Checked if tokens are valid: true, expires at: 1751134684120
[debug] [2025-06-28T17:24:09.363Z] >>> [apiv2][query] GET https://cloudfunctions.googleapis.com/v1/projects/love2love-26164/locations/-/functions [none]
